Box package initialized
Calculate first doable laps
Adding strategy
Done
Updater Starting
Updater asking for info
Requesting strategy for lap: 0
Strategy got
Updater parsing info
Update savinmg
Updater asking for info
Updater parsing info
Update savinmg
Updater asking for info
Requesting strategy for lap: 1
Strategy got
Updater parsing info
Update savinmg
Updater asking for info
Updater parsing info
Update savinmg
Updater asking for info
Exception: 00000000M
Updater asking for info
Exception: 00000000N
