Box package initialized
Updater Starting
Calculate first doable laps
Adding strategy
Done
Updater asking for info
Requesting strategy for lap: 0
Strategy got
Updater parsing info
Update savinmg
Updater asking for info
Updater parsing info
Update savinmg
Updater asking for info
Requesting strategy for lap: 1
Strategy got
Updater parsing info
Update savinmg
Updater asking for info
Updater parsing info
Update savinmg
Updater asking for info
Updater parsing info
Update savinmg
Updater asking for info
Requesting strategy for lap: 2
Strategy got
Updater parsing info
Update savinmg
Updater asking for info
Updater parsing info
Update savinmg
Updater asking for info
Updater parsing info
Update savinmg
Updater asking for info
Requesting strategy for lap: 3
Strategy got
Updater parsing info
Update savinmg
Updater asking for info
Updater parsing info
Update savinmg
Updater asking for info
Updater parsing info
Update savinmg
Updater asking for info
Requesting strategy for lap: 4
Strategy got
Updater parsing info
Update savinmg
Updater asking for info
Updater parsing info
Update savinmg
Updater asking for info
Updater parsing info
Update savinmg
Updater asking for info
Requesting strategy for lap: 5
Strategy got
Updater parsing info
Update savinmg
Updater asking for info
Updater parsing info
Update savinmg
Updater asking for info
Updater parsing info
Update savinmg
Updater asking for info
Requesting strategy for lap: 6
Strategy got
Updater parsing info
Update savinmg
Updater asking for info
Updater parsing info
Update savinmg
Updater asking for info
Updater parsing info
Update savinmg
Updater asking for info
Requesting strategy for lap: 7
Strategy got
Updater parsing info
Update savinmg
Updater asking for info
Updater parsing info
Update savinmg
Updater asking for info
Updater parsing info
Update savinmg
Updater asking for info
Requesting strategy for lap: 8
Strategy got
Updater parsing info
Update savinmg
Updater asking for info
Updater parsing info
Update savinmg
Updater asking for info
Updater parsing info
Update savinmg
Updater asking for info
Requesting strategy for lap: 9
Strategy got
Updater parsing info
Update savinmg
Updater asking for info
Exception: 00000000M
Updater asking for info
Exception: 00000000N
Updater asking for info
Exception: 00000000N
