Box package initialized
Calculate first doable laps
Adding strategy
Done
Updater Starting
Updater asking for info
Requesting strategy for lap: 0
Strategy got
Updater parsing info
Update savinmg
Updater asking for info
Updater parsing info
Update savinmg
Updater asking for info
Requesting strategy for lap: 1
Strategy got
Updater parsing info
Update savinmg
Updater asking for info
Updater parsing info
Update savinmg
Updater asking for info
Updater parsing info
Update savinmg
Updater asking for info
Requesting strategy for lap: 2
Strategy got
Updater parsing info
Update savinmg
Updater asking for info
Updater parsing info
Update savinmg
Updater asking for info
Updater parsing info
Update savinmg
Updater asking for info
Requesting strategy for lap: 3
Strategy got
Updater parsing info
Update savinmg
Updater asking for info
Updater parsing info
Update savinmg
Updater asking for info
Updater parsing info
Update savinmg
Updater asking for info
Requesting strategy for lap: 4
Strategy got
Updater parsing info
Update savinmg
Updater asking for info
Updater parsing info
Update savinmg
Updater asking for info
Updater parsing info
Update savinmg
Updater asking for info
Requesting strategy for lap: 5
Strategy got
Updater parsing info
Update savinmg
Updater asking for info
Updater parsing info
Update savinmg
Updater asking for info
Updater parsing info
Update savinmg
Updater asking for info
Requesting strategy for lap: 6
Strategy got
Updater parsing info
Update savinmg
Updater asking for info
Updater parsing info
Update savinmg
Updater asking for info
Updater parsing info
Update savinmg
Updater asking for info
Requesting strategy for lap: 7
Strategy got
Updater parsing info
Update savinmg
Updater asking for info
Updater parsing info
Update savinmg
Updater asking for info
Updater parsing info
Update savinmg
Updater asking for info
Requesting strategy for lap: 8
Strategy got
Updater parsing info
Update savinmg
Updater asking for info
Updater parsing info
Update savinmg
Updater asking for info
Updater parsing info
Update savinmg
Updater asking for info
Requesting strategy for lap: 9
Strategy got
Updater parsing info
Update savinmg
Updater asking for info
Updater parsing info
Update savinmg
Updater asking for info
Updater parsing info
Update savinmg
Updater asking for info
Requesting strategy for lap: 10
Strategy got
Updater parsing info
Update savinmg
Updater asking for info
Updater parsing info
Update savinmg
Updater asking for info
Updater parsing info
Update savinmg
Updater asking for info
Requesting strategy for lap: 11
Strategy got
Updater parsing info
Update savinmg
Updater asking for info
Updater parsing info
Update savinmg
Updater asking for info
Updater parsing info
Update savinmg
Updater asking for info
Requesting strategy for lap: 12
Strategy got
Updater parsing info
Update savinmg
Updater asking for info
Updater parsing info
Update savinmg
Updater asking for info
Updater parsing info
Update savinmg
Updater asking for info
Requesting strategy for lap: 13
Strategy got
Updater parsing info
Update savinmg
Updater asking for info
Updater parsing info
Update savinmg
Updater asking for info
Updater parsing info
Update savinmg
Updater asking for info
Requesting strategy for lap: 14
Strategy got
Updater parsing info
Update savinmg
Updater asking for info
Updater parsing info
Update savinmg
Updater asking for info
Updater parsing info
Update savinmg
Updater asking for info
Requesting strategy for lap: 15
Strategy got
Updater parsing info
Update savinmg
Updater asking for info
Updater parsing info
Update savinmg
Updater asking for info
Updater parsing info
Update savinmg
Updater asking for info
Requesting strategy for lap: 16
Strategy got
Updater parsing info
Update savinmg
Updater asking for info
Updater parsing info
Update savinmg
Updater asking for info
Updater parsing info
Update savinmg
Updater asking for info
Requesting strategy for lap: 17
Strategy got
Updater parsing info
Update savinmg
Updater asking for info
Updater parsing info
Update savinmg
Updater asking for info
Updater parsing info
Update savinmg
Updater asking for info
Requesting strategy for lap: 18
Strategy got
Updater parsing info
Update savinmg
Updater asking for info
Updater parsing info
Update savinmg
Updater asking for info
Updater parsing info
Update savinmg
Updater asking for info
Requesting strategy for lap: 19
Strategy got
Updater parsing info
Update savinmg
Updater asking for info
Updater parsing info
Update savinmg
Updater asking for info
Updater parsing info
Update savinmg
Updater asking for info
Requesting strategy for lap: 20
Strategy got
Updater parsing info
Update savinmg
Updater asking for info
Updater parsing info
Update savinmg
Updater asking for info
Updater parsing info
Update savinmg
Updater asking for info
Requesting strategy for lap: 21
Strategy got
Updater parsing info
Update savinmg
Updater asking for info
Updater parsing info
Update savinmg
Updater asking for info
Updater parsing info
Update savinmg
Updater asking for info
Requesting strategy for lap: 22
Strategy got
Updater parsing info
Update savinmg
Updater asking for info
Updater parsing info
Update savinmg
Updater asking for info
Updater parsing info
Update savinmg
Updater asking for info
Requesting strategy for lap: 23
Strategy got
Updater parsing info
Update savinmg
Updater asking for info
Updater parsing info
Update savinmg
Updater asking for info
Updater parsing info
Update savinmg
Updater asking for info
Requesting strategy for lap: 24
Strategy got
Updater parsing info
Update savinmg
Updater asking for info
Updater parsing info
Update savinmg
Updater asking for info
Updater parsing info
Update savinmg
Updater asking for info
Requesting strategy for lap: 25
Strategy got
Updater parsing info
Update savinmg
Updater asking for info
Updater parsing info
Update savinmg
Updater asking for info
Updater parsing info
Update savinmg
Updater asking for info
Requesting strategy for lap: 26
Strategy got
Updater parsing info
Update savinmg
Updater asking for info
Updater parsing info
Update savinmg
Updater asking for info
Updater parsing info
Update savinmg
Updater asking for info
Requesting strategy for lap: 27
Strategy got
Updater parsing info
Update savinmg
Updater asking for info
Updater parsing info
Update savinmg
Updater asking for info
Updater parsing info
Update savinmg
Updater asking for info
Requesting strategy for lap: 28
Strategy got
Updater parsing info
Update savinmg
Updater asking for info
Updater parsing info
Update savinmg
Updater asking for info
Updater parsing info
Update savinmg
Updater asking for info
Requesting strategy for lap: 29
Strategy got
Updater parsing info
Update savinmg
Updater asking for info
Updater parsing info
Update savinmg
Updater asking for info
Updater parsing info
Update savinmg
Updater asking for info
Requesting strategy for lap: 30
Strategy got
Updater parsing info
Update savinmg
Updater asking for info
Updater parsing info
Update savinmg
Updater asking for info
Updater parsing info
Update savinmg
Updater asking for info
Requesting strategy for lap: 31
Strategy got
Updater parsing info
Update savinmg
Updater asking for info
Updater parsing info
Update savinmg
Updater asking for info
Updater parsing info
Update savinmg
Updater asking for info
Requesting strategy for lap: 32
Strategy got
Updater parsing info
Update savinmg
Updater asking for info
Updater parsing info
Update savinmg
Updater asking for info
Updater parsing info
Update savinmg
Updater asking for info
Requesting strategy for lap: 33
Strategy got
Updater parsing info
Update savinmg
Updater asking for info
Updater parsing info
Update savinmg
Updater asking for info
Updater parsing info
Update savinmg
Updater asking for info
Requesting strategy for lap: 34
Strategy got
Updater parsing info
Update savinmg
Updater asking for info
Updater parsing info
Update savinmg
Updater asking for info
Updater parsing info
Update savinmg
Updater asking for info
Requesting strategy for lap: 35
Strategy got
Updater parsing info
Update savinmg
Updater asking for info
Updater parsing info
Update savinmg
Updater asking for info
Updater parsing info
Update savinmg
Updater asking for info
Requesting strategy for lap: 36
Strategy got
Updater parsing info
Update savinmg
Updater asking for info
Updater parsing info
Update savinmg
Updater asking for info
Updater parsing info
Update savinmg
Updater asking for info
Requesting strategy for lap: 37
Strategy got
Updater parsing info
Update savinmg
Updater asking for info
Updater parsing info
Update savinmg
Updater asking for info
Updater parsing info
Update savinmg
Updater asking for info
Requesting strategy for lap: 38
Strategy got
Updater parsing info
Update savinmg
Updater asking for info
Updater parsing info
Update savinmg
Updater asking for info
Updater parsing info
Update savinmg
Updater asking for info
Requesting strategy for lap: 39
Strategy got
Updater parsing info
Update savinmg
Updater asking for info
Updater parsing info
Update savinmg
Updater asking for info
Updater parsing info
Update savinmg
Updater asking for info
Requesting strategy for lap: 40
Strategy got
Updater parsing info
Update savinmg
Updater asking for info
Updater parsing info
Update savinmg
Updater asking for info
Updater parsing info
Update savinmg
Updater asking for info
Requesting strategy for lap: 41
Strategy got
Updater parsing info
Update savinmg
Updater asking for info
Updater parsing info
Update savinmg
Updater asking for info
Updater parsing info
Update savinmg
Updater asking for info
Requesting strategy for lap: 42
Strategy got
Updater parsing info
Update savinmg
Updater asking for info
Updater parsing info
Update savinmg
Updater asking for info
Updater parsing info
Update savinmg
Updater asking for info
Requesting strategy for lap: 43
Strategy got
Updater parsing info
Update savinmg
Updater asking for info
Updater parsing info
Update savinmg
Updater asking for info
Updater parsing info
Update savinmg
Updater asking for info
Requesting strategy for lap: 44
Strategy got
Updater parsing info
Update savinmg
Updater asking for info
Updater parsing info
Update savinmg
Updater asking for info
Updater parsing info
Update savinmg
Updater asking for info
Requesting strategy for lap: 45
Strategy got
Updater parsing info
Update savinmg
Updater asking for info
Updater parsing info
Update savinmg
Updater asking for info
Updater parsing info
Update savinmg
Updater asking for info
Requesting strategy for lap: 46
Strategy got
Updater parsing info
Update savinmg
Updater asking for info
Updater parsing info
Update savinmg
Updater asking for info
Updater parsing info
Update savinmg
Updater asking for info
Requesting strategy for lap: 47
Strategy got
Updater parsing info
Update savinmg
Updater asking for info
Updater parsing info
Update savinmg
Updater asking for info
Updater parsing info
Update savinmg
Updater asking for info
Requesting strategy for lap: 48
Strategy got
Updater parsing info
Update savinmg
Updater asking for info
Updater parsing info
Update savinmg
Updater asking for info
Updater parsing info
Update savinmg
Updater asking for info
Requesting strategy for lap: 49
Strategy got
Updater parsing info
Update savinmg
Updater asking for info
Updater parsing info
Update savinmg
Updater asking for info
Updater parsing info
Update savinmg
Updater asking for info
Requesting strategy for lap: 50
Strategy got
Updater parsing info
Update savinmg
Updater asking for info
Updater parsing info
Update savinmg
Updater asking for info
Updater parsing info
Update savinmg
Updater asking for info
Requesting strategy for lap: 51
Strategy got
Updater parsing info
Update savinmg
Updater asking for info
Updater parsing info
Update savinmg
Updater asking for info
Updater parsing info
Update savinmg
Updater asking for info
Requesting strategy for lap: 52
Strategy got
Updater parsing info
Update savinmg
Updater asking for info
Updater parsing info
Update savinmg
Updater asking for info
Updater parsing info
Update savinmg
Updater asking for info
Requesting strategy for lap: 53
Strategy got
Updater parsing info
Update savinmg
Updater asking for info
Updater parsing info
Update savinmg
Updater asking for info
Updater parsing info
Update savinmg
Updater asking for info
Requesting strategy for lap: 54
Strategy got
Updater parsing info
Update savinmg
Updater asking for info
Updater parsing info
Update savinmg
Updater asking for info
Updater parsing info
Update savinmg
Updater asking for info
Requesting strategy for lap: 55
Strategy got
Updater parsing info
Update savinmg
Updater asking for info
Updater parsing info
Update savinmg
Updater asking for info
Updater parsing info
Update savinmg
Updater asking for info
Requesting strategy for lap: 56
Strategy got
Updater parsing info
Update savinmg
Updater asking for info
Updater parsing info
Update savinmg
Updater asking for info
Updater parsing info
Update savinmg
Updater asking for info
Requesting strategy for lap: 57
Strategy got
Updater parsing info
Update savinmg
Updater asking for info
Updater parsing info
Update savinmg
Updater asking for info
Updater parsing info
Update savinmg
Updater asking for info
Requesting strategy for lap: 58
Strategy got
Updater parsing info
Update savinmg
Updater asking for info
Updater parsing info
Update savinmg
Updater asking for info
Updater parsing info
Update savinmg
Updater asking for info
Requesting strategy for lap: 59
Strategy got
Updater parsing info
Update savinmg
Updater asking for info
Updater parsing info
Update savinmg
Updater asking for info
Updater parsing info
Update savinmg
Updater asking for info
Requesting strategy for lap: 60
Strategy got
Updater parsing info
Update savinmg
Updater asking for info
Updater parsing info
Update savinmg
Updater asking for info
Updater parsing info
Update savinmg
Updater asking for info
Requesting strategy for lap: 61
Strategy got
Updater parsing info
Update savinmg
Updater asking for info
Updater parsing info
Update savinmg
Updater asking for info
Updater parsing info
Update savinmg
Updater asking for info
Requesting strategy for lap: 62
Strategy got
Updater parsing info
Update savinmg
Updater asking for info
Updater parsing info
Update savinmg
Updater asking for info
Updater parsing info
Update savinmg
Updater asking for info
Requesting strategy for lap: 63
Strategy got
Updater parsing info
Update savinmg
Updater asking for info
Updater parsing info
Update savinmg
Updater asking for info
Updater parsing info
Update savinmg
Updater asking for info
Requesting strategy for lap: 64
Strategy got
Updater parsing info
Update savinmg
Updater asking for info
Updater parsing info
Update savinmg
Updater asking for info
Updater parsing info
Update savinmg
Updater asking for info
Requesting strategy for lap: 65
Strategy got
Updater parsing info
Update savinmg
Updater asking for info
Updater parsing info
Update savinmg
Updater asking for info
Updater parsing info
Update savinmg
Updater asking for info
Requesting strategy for lap: 66
Strategy got
Updater parsing info
Update savinmg
Updater asking for info
Updater parsing info
Update savinmg
Updater asking for info
Updater parsing info
Update savinmg
Updater asking for info
Requesting strategy for lap: 67
Strategy got
Updater parsing info
Update savinmg
Updater asking for info
Updater parsing info
Update savinmg
Updater asking for info
Updater parsing info
Update savinmg
Updater asking for info
Requesting strategy for lap: 68
Strategy got
Updater parsing info
Update savinmg
Updater asking for info
Updater parsing info
Update savinmg
Updater asking for info
Updater parsing info
Update savinmg
Updater asking for info
Requesting strategy for lap: 69
Strategy got
Updater parsing info
Update savinmg
Updater asking for info
Updater parsing info
Update savinmg
Updater asking for info
Updater parsing info
Update savinmg
Updater asking for info
Requesting strategy for lap: 70
Strategy got
Updater parsing info
Update savinmg
