\BOOKMARK [1][-]{section.1}{Progetto}{}
\BOOKMARK [1][-]{section.2}{Problematiche}{}
\BOOKMARK [2][-]{subsection.2.1}{Introduzione}{section.2}
\BOOKMARK [1][-]{section.3}{Enunciazione problematiche}{}
\BOOKMARK [2][-]{subsection.3.1}{Gestione del tempo}{section.3}
\BOOKMARK [2][-]{subsection.3.2}{Sorpassi impossibili}{section.3}
\BOOKMARK [2][-]{subsection.3.3}{Determinismo}{section.3}
\BOOKMARK [2][-]{subsection.3.4}{Componenti di non determinismo \(Lorenzo\)}{section.3}
\BOOKMARK [2][-]{subsection.3.5}{Stalli \(Lorenzo\)}{section.3}
\BOOKMARK [2][-]{subsection.3.6}{Realismo fisico}{section.3}
\BOOKMARK [2][-]{subsection.3.7}{Gestione delle istantanee di gara}{section.3}
\BOOKMARK [2][-]{subsection.3.8}{Robustezza del sistema distribuito \(Lorenzo\)}{section.3}
\BOOKMARK [2][-]{subsection.3.9}{Intelligenza artificiale}{section.3}
\BOOKMARK [2][-]{subsection.3.10}{Avvio del sistema}{section.3}
\BOOKMARK [2][-]{subsection.3.11}{Stop del sistema}{section.3}
\BOOKMARK [1][-]{section.4}{Analisi della soluzione}{}
\BOOKMARK [2][-]{subsection.4.1}{Problematiche di distribuzione}{section.4}
\BOOKMARK [1][-]{section.5}{Architettura ad alto livello}{}
\BOOKMARK [2][-]{subsection.5.1}{Componenti di sistema}{section.5}
\BOOKMARK [3][-]{subsubsection.5.1.1}{Competition}{subsection.5.1}
\BOOKMARK [3][-]{subsubsection.5.1.2}{Competitor}{subsection.5.1}
\BOOKMARK [3][-]{subsubsection.5.1.3}{Circuit}{subsection.5.1}
\BOOKMARK [3][-]{subsubsection.5.1.4}{Stats}{subsection.5.1}
\BOOKMARK [3][-]{subsubsection.5.1.5}{Box}{subsection.5.1}
\BOOKMARK [3][-]{subsubsection.5.1.6}{Monitor}{subsection.5.1}
\BOOKMARK [3][-]{subsubsection.5.1.7}{Screen}{subsection.5.1}
\BOOKMARK [3][-]{subsubsection.5.1.8}{Configurator}{subsection.5.1}
\BOOKMARK [2][-]{subsection.5.2}{Interazione fra le componenti}{section.5}
\BOOKMARK [3][-]{subsubsection.5.2.1}{Configurator-Competition}{subsection.5.2}
\BOOKMARK [3][-]{subsubsection.5.2.2}{Competition-Competitor}{subsection.5.2}
\BOOKMARK [3][-]{subsubsection.5.2.3}{Competition-Monitor}{subsection.5.2}
\BOOKMARK [3][-]{subsubsection.5.2.4}{Competition-Circuit}{subsection.5.2}
\BOOKMARK [3][-]{subsubsection.5.2.5}{Competition-Stats}{subsection.5.2}
\BOOKMARK [3][-]{subsubsection.5.2.6}{Competitor-Stats}{subsection.5.2}
\BOOKMARK [3][-]{subsubsection.5.2.7}{Competitor-Circuit}{subsection.5.2}
\BOOKMARK [3][-]{subsubsection.5.2.8}{Monitor-Stats}{subsection.5.2}
\BOOKMARK [3][-]{subsubsection.5.2.9}{Configurator-Box}{subsection.5.2}
\BOOKMARK [3][-]{subsubsection.5.2.10}{Box-Monitor}{subsection.5.2}
\BOOKMARK [3][-]{subsubsection.5.2.11}{Screen-Monitor}{subsection.5.2}
\BOOKMARK [3][-]{subsubsection.5.2.12}{Competitor-Box}{subsection.5.2}
\BOOKMARK [2][-]{subsection.5.3}{Strategia di simulazione}{section.5}
\BOOKMARK [2][-]{subsection.5.4}{Assenza di stallo}{section.5}
\BOOKMARK [1][-]{section.6}{Architettura in dettaglio}{}
\BOOKMARK [2][-]{subsection.6.1}{Diagrammi delle classi}{section.6}
\BOOKMARK [3][-]{subsubsection.6.1.1}{Competition}{subsection.6.1}
\BOOKMARK [3][-]{subsubsection.6.1.2}{Competitor}{subsection.6.1}
\BOOKMARK [3][-]{subsubsection.6.1.3}{Circuit}{subsection.6.1}
\BOOKMARK [3][-]{subsubsection.6.1.4}{Stats}{subsection.6.1}
\BOOKMARK [3][-]{subsubsection.6.1.5}{Monitor}{subsection.6.1}
\BOOKMARK [3][-]{subsubsection.6.1.6}{Box}{subsection.6.1}
\BOOKMARK [3][-]{subsubsection.6.1.7}{Configurator}{subsection.6.1}
\BOOKMARK [3][-]{subsubsection.6.1.8}{Screen}{subsection.6.1}
\BOOKMARK [2][-]{subsection.6.2}{Analisi della concorrenza}{section.6}
\BOOKMARK [3][-]{subsubsection.6.2.1}{Interazione Competitor - Circuit}{subsection.6.2}
\BOOKMARK [3][-]{subsubsection.6.2.2}{Consumatori esterni - Stats}{subsection.6.2}
\BOOKMARK [3][-]{subsubsection.6.2.3}{Risorse a due consumatori}{subsection.6.2}
\BOOKMARK [3][-]{subsubsection.6.2.4}{Conclusioni}{subsection.6.2}
\BOOKMARK [2][-]{subsection.6.3}{Distribuzione}{section.6}
\BOOKMARK [3][-]{subsubsection.6.3.1}{Componenti distribuite}{subsection.6.3}
\BOOKMARK [3][-]{subsubsection.6.3.2}{Interazione fra le componenti distribuite}{subsection.6.3}
\BOOKMARK [3][-]{subsubsection.6.3.3}{Misure di fault tolerance}{subsection.6.3}
\BOOKMARK [2][-]{subsection.6.4}{Inizializzazione competizione}{section.6}
\BOOKMARK [2][-]{subsection.6.5}{Stop competizione}{section.6}
\BOOKMARK [1][-]{section.7}{Analisi del supporto tecnologico}{}
\BOOKMARK [2][-]{subsection.7.1}{Scelta dei linguaggi}{section.7}
\BOOKMARK [2][-]{subsection.7.2}{Distribuzione e interoperabilit\340 fra linguaggi}{section.7}
\BOOKMARK [1][-]{appendix.A}{Glossario}{}
\BOOKMARK [1][-]{appendix.B}{Manuale utente}{}
\BOOKMARK [2][-]{subsection.B.1}{Prerequisiti}{appendix.B}
\BOOKMARK [2][-]{subsection.B.2}{Installazione}{appendix.B}
\BOOKMARK [2][-]{subsection.B.3}{Avvio}{appendix.B}
\BOOKMARK [2][-]{subsection.B.4}{Terminazione}{appendix.B}
\BOOKMARK [2][-]{subsection.B.5}{Interfaccia box}{appendix.B}
\BOOKMARK [2][-]{subsection.B.6}{Interfaccia competizione}{appendix.B}
\BOOKMARK [2][-]{subsection.B.7}{Interfaccia TV}{appendix.B}
